{"F:\\git projects\\nodejstest\\c\\programming_task_02\\src\\authorize.js": {"path":"F:\\git projects\\nodejstest\\c\\programming_task_02\\src\\authorize.js","statementMap":{"0":{"start":{"line":6,"column":17},"end":{"line":6,"column":47}},"1":{"start":{"line":8,"column":15},"end":{"line":8,"column":41}},"2":{"start":{"line":11,"column":2},"end":{"line":11,"column":35}},"3":{"start":{"line":14,"column":0},"end":{"line":14,"column":27}}},"fnMap":{"0":{"name":"authorize","decl":{"start":{"line":4,"column":15},"end":{"line":4,"column":24}},"loc":{"start":{"line":4,"column":43},"end":{"line":12,"column":1}},"line":4}},"branchMap":{},"s":{"0":0,"1":0,"2":0,"3":3},"f":{"0":0},"b":{},"_coverageSchema":"1a1c01bbd47fc00a2c39e90264f33305004495a9","hash":"d7f8988f8ead91a60d2b6b271a5497786e7e13ec"}
,"F:\\git projects\\nodejstest\\c\\programming_task_02\\src\\calculate.js": {"path":"F:\\git projects\\nodejstest\\c\\programming_task_02\\src\\calculate.js","statementMap":{"0":{"start":{"line":5,"column":17},"end":{"line":5,"column":47}},"1":{"start":{"line":7,"column":16},"end":{"line":7,"column":32}},"2":{"start":{"line":9,"column":2},"end":{"line":9,"column":15}},"3":{"start":{"line":12,"column":23},"end":{"line":12,"column":47}},"4":{"start":{"line":13,"column":2},"end":{"line":20,"column":3}},"5":{"start":{"line":14,"column":4},"end":{"line":14,"column":31}},"6":{"start":{"line":16,"column":16},"end":{"line":16,"column":17}},"7":{"start":{"line":17,"column":4},"end":{"line":19,"column":5}},"8":{"start":{"line":17,"column":16},"end":{"line":17,"column":17}},"9":{"start":{"line":18,"column":6},"end":{"line":18,"column":43}},"10":{"start":{"line":23,"column":0},"end":{"line":23,"column":27}}},"fnMap":{"0":{"name":"calculate","decl":{"start":{"line":3,"column":15},"end":{"line":3,"column":24}},"loc":{"start":{"line":3,"column":35},"end":{"line":10,"column":1}},"line":3},"1":{"name":"getValue","decl":{"start":{"line":11,"column":9},"end":{"line":11,"column":17}},"loc":{"start":{"line":11,"column":29},"end":{"line":21,"column":1}},"line":11}},"branchMap":{"0":{"loc":{"start":{"line":13,"column":2},"end":{"line":20,"column":3}},"type":"if","locations":[{"start":{"line":13,"column":2},"end":{"line":20,"column":3}},{"start":{"line":15,"column":7},"end":{"line":20,"column":3}}],"line":13}},"s":{"0":0,"1":0,"2":0,"3":0,"4":0,"5":0,"6":0,"7":0,"8":0,"9":0,"10":4},"f":{"0":0,"1":0},"b":{"0":[0,0]},"_coverageSchema":"1a1c01bbd47fc00a2c39e90264f33305004495a9","hash":"f1274cb572e2d80a05a4b210b4e4bc33158fc417"}
,"F:\\git projects\\nodejstest\\c\\programming_task_02\\src\\common\\db.js": {"path":"F:\\git projects\\nodejstest\\c\\programming_task_02\\src\\common\\db.js","statementMap":{"0":{"start":{"line":1,"column":21},"end":{"line":1,"column":39}},"1":{"start":{"line":3,"column":17},"end":{"line":11,"column":2}},"2":{"start":{"line":13,"column":19},"end":{"line":16,"column":1}},"3":{"start":{"line":18,"column":0},"end":{"line":18,"column":42}}},"fnMap":{},"branchMap":{"0":{"loc":{"start":{"line":6,"column":6},"end":{"line":10,"column":3}},"type":"binary-expr","locations":[{"start":{"line":6,"column":6},"end":{"line":6,"column":40}},{"start":{"line":6,"column":44},"end":{"line":10,"column":3}}],"line":6}},"s":{"0":3,"1":3,"2":3,"3":3},"f":{},"b":{"0":[3,3]},"_coverageSchema":"1a1c01bbd47fc00a2c39e90264f33305004495a9","hash":"299284d9f4adf1c39735733351060c461f794c3c"}
,"F:\\git projects\\nodejstest\\c\\programming_task_02\\src\\handlers\\counter.js": {"path":"F:\\git projects\\nodejstest\\c\\programming_task_02\\src\\handlers\\counter.js","statementMap":{"0":{"start":{"line":5,"column":4},"end":{"line":12,"column":6}},"1":{"start":{"line":6,"column":16},"end":{"line":8,"column":7}},"2":{"start":{"line":16,"column":0},"end":{"line":16,"column":25}}},"fnMap":{"0":{"name":"(anonymous_0)","decl":{"start":{"line":4,"column":2},"end":{"line":4,"column":3}},"loc":{"start":{"line":4,"column":28},"end":{"line":13,"column":3}},"line":4},"1":{"name":"(anonymous_1)","decl":{"start":{"line":6,"column":6},"end":{"line":6,"column":7}},"loc":{"start":{"line":6,"column":16},"end":{"line":8,"column":7}},"line":6}},"branchMap":{"0":{"loc":{"start":{"line":5,"column":12},"end":{"line":5,"column":25}},"type":"binary-expr","locations":[{"start":{"line":5,"column":12},"end":{"line":5,"column":19}},{"start":{"line":5,"column":23},"end":{"line":5,"column":25}}],"line":5}},"s":{"0":0,"1":0,"2":3},"f":{"0":0,"1":0},"b":{"0":[0,0]},"_coverageSchema":"1a1c01bbd47fc00a2c39e90264f33305004495a9","hash":"9a4a5c28be12cc7e4cd4e92f54686823d0c4bf1e"}
,"F:\\git projects\\nodejstest\\c\\programming_task_02\\src\\handlers\\index.js": {"path":"F:\\git projects\\nodejstest\\c\\programming_task_02\\src\\handlers\\index.js","statementMap":{"0":{"start":{"line":1,"column":16},"end":{"line":1,"column":36}},"1":{"start":{"line":2,"column":15},"end":{"line":2,"column":34}},"2":{"start":{"line":6,"column":4},"end":{"line":6,"column":49}},"3":{"start":{"line":6,"column":34},"end":{"line":6,"column":49}},"4":{"start":{"line":7,"column":4},"end":{"line":7,"column":47}},"5":{"start":{"line":7,"column":33},"end":{"line":7,"column":47}}},"fnMap":{"0":{"name":"(anonymous_0)","decl":{"start":{"line":5,"column":2},"end":{"line":5,"column":3}},"loc":{"start":{"line":5,"column":21},"end":{"line":8,"column":3}},"line":5}},"branchMap":{"0":{"loc":{"start":{"line":6,"column":4},"end":{"line":6,"column":49}},"type":"if","locations":[{"start":{"line":6,"column":4},"end":{"line":6,"column":49}},{"start":{},"end":{}}],"line":6},"1":{"loc":{"start":{"line":7,"column":4},"end":{"line":7,"column":47}},"type":"if","locations":[{"start":{"line":7,"column":4},"end":{"line":7,"column":47}},{"start":{},"end":{}}],"line":7}},"s":{"0":3,"1":3,"2":0,"3":0,"4":0,"5":0},"f":{"0":0},"b":{"0":[0,0],"1":[0,0]},"_coverageSchema":"1a1c01bbd47fc00a2c39e90264f33305004495a9","hash":"fbae916fc144a0ae526c7e760cab46fb2b4a3ac4"}
,"F:\\git projects\\nodejstest\\c\\programming_task_02\\src\\handlers\\newest.js": {"path":"F:\\git projects\\nodejstest\\c\\programming_task_02\\src\\handlers\\newest.js","statementMap":{"0":{"start":{"line":4,"column":8},"end":{"line":4,"column":78}},"1":{"start":{"line":4,"column":31},"end":{"line":4,"column":76}},"2":{"start":{"line":7,"column":8},"end":{"line":7,"column":26}},"3":{"start":{"line":11,"column":0},"end":{"line":11,"column":24}}},"fnMap":{"0":{"name":"(anonymous_0)","decl":{"start":{"line":2,"column":4},"end":{"line":2,"column":5}},"loc":{"start":{"line":2,"column":30},"end":{"line":8,"column":5}},"line":2},"1":{"name":"(anonymous_1)","decl":{"start":{"line":4,"column":21},"end":{"line":4,"column":22}},"loc":{"start":{"line":4,"column":31},"end":{"line":4,"column":76}},"line":4}},"branchMap":{},"s":{"0":0,"1":0,"2":0,"3":3},"f":{"0":0,"1":0},"b":{},"_coverageSchema":"1a1c01bbd47fc00a2c39e90264f33305004495a9","hash":"848aa67773110595c582e869296d0074fff06d02"}
,"F:\\git projects\\nodejstest\\c\\programming_task_02\\src\\models\\action.js": {"path":"F:\\git projects\\nodejstest\\c\\programming_task_02\\src\\models\\action.js","statementMap":{"0":{"start":{"line":3,"column":33},"end":{"line":3,"column":56}},"1":{"start":{"line":4,"column":16},"end":{"line":4,"column":44}},"2":{"start":{"line":13,"column":4},"end":{"line":13,"column":23}},"3":{"start":{"line":14,"column":4},"end":{"line":14,"column":39}},"4":{"start":{"line":15,"column":4},"end":{"line":15,"column":38}},"5":{"start":{"line":16,"column":4},"end":{"line":16,"column":47}},"6":{"start":{"line":20,"column":16},"end":{"line":21,"column":11}},"7":{"start":{"line":23,"column":4},"end":{"line":25,"column":5}},"8":{"start":{"line":24,"column":6},"end":{"line":24,"column":47}},"9":{"start":{"line":27,"column":4},"end":{"line":27,"column":32}},"10":{"start":{"line":31,"column":16},"end":{"line":33,"column":10}},"11":{"start":{"line":35,"column":4},"end":{"line":37,"column":5}},"12":{"start":{"line":36,"column":6},"end":{"line":36,"column":45}},"13":{"start":{"line":39,"column":4},"end":{"line":39,"column":32}},"14":{"start":{"line":43,"column":16},"end":{"line":51,"column":11}},"15":{"start":{"line":53,"column":4},"end":{"line":55,"column":5}},"16":{"start":{"line":54,"column":6},"end":{"line":54,"column":47}},"17":{"start":{"line":57,"column":4},"end":{"line":57,"column":53}},"18":{"start":{"line":57,"column":35},"end":{"line":57,"column":51}}},"fnMap":{"0":{"name":"(anonymous_0)","decl":{"start":{"line":12,"column":2},"end":{"line":12,"column":3}},"loc":{"start":{"line":12,"column":21},"end":{"line":17,"column":3}},"line":12},"1":{"name":"(anonymous_1)","decl":{"start":{"line":19,"column":2},"end":{"line":19,"column":3}},"loc":{"start":{"line":19,"column":27},"end":{"line":28,"column":3}},"line":19},"2":{"name":"(anonymous_2)","decl":{"start":{"line":30,"column":2},"end":{"line":30,"column":3}},"loc":{"start":{"line":30,"column":26},"end":{"line":40,"column":3}},"line":30},"3":{"name":"(anonymous_3)","decl":{"start":{"line":42,"column":2},"end":{"line":42,"column":3}},"loc":{"start":{"line":42,"column":26},"end":{"line":58,"column":3}},"line":42},"4":{"name":"(anonymous_4)","decl":{"start":{"line":57,"column":25},"end":{"line":57,"column":26}},"loc":{"start":{"line":57,"column":35},"end":{"line":57,"column":51}},"line":57}},"branchMap":{"0":{"loc":{"start":{"line":23,"column":4},"end":{"line":25,"column":5}},"type":"if","locations":[{"start":{"line":23,"column":4},"end":{"line":25,"column":5}},{"start":{},"end":{}}],"line":23},"1":{"loc":{"start":{"line":35,"column":4},"end":{"line":37,"column":5}},"type":"if","locations":[{"start":{"line":35,"column":4},"end":{"line":37,"column":5}},{"start":{},"end":{}}],"line":35},"2":{"loc":{"start":{"line":53,"column":4},"end":{"line":55,"column":5}},"type":"if","locations":[{"start":{"line":53,"column":4},"end":{"line":55,"column":5}},{"start":{},"end":{}}],"line":53}},"s":{"0":3,"1":3,"2":0,"3":0,"4":0,"5":0,"6":0,"7":0,"8":0,"9":0,"10":0,"11":0,"12":0,"13":0,"14":0,"15":0,"16":0,"17":0,"18":0},"f":{"0":0,"1":0,"2":0,"3":0,"4":0},"b":{"0":[0,0],"1":[0,0],"2":[0,0]},"_coverageSchema":"1a1c01bbd47fc00a2c39e90264f33305004495a9","hash":"1ed3910f92dd9a8dab92d797564630b34cd1ac59"}
,"F:\\git projects\\nodejstest\\c\\programming_task_02\\src\\models\\role.js": {"path":"F:\\git projects\\nodejstest\\c\\programming_task_02\\src\\models\\role.js","statementMap":{"0":{"start":{"line":2,"column":21},"end":{"line":2,"column":39}},"1":{"start":{"line":3,"column":23},"end":{"line":3,"column":43}},"2":{"start":{"line":4,"column":27},"end":{"line":4,"column":51}},"3":{"start":{"line":5,"column":22},"end":{"line":5,"column":41}},"4":{"start":{"line":8,"column":4},"end":{"line":8,"column":68}},"5":{"start":{"line":8,"column":46},"end":{"line":8,"column":68}},"6":{"start":{"line":9,"column":4},"end":{"line":9,"column":72}},"7":{"start":{"line":9,"column":48},"end":{"line":9,"column":72}},"8":{"start":{"line":10,"column":4},"end":{"line":10,"column":80}},"9":{"start":{"line":10,"column":52},"end":{"line":10,"column":80}},"10":{"start":{"line":11,"column":4},"end":{"line":11,"column":70}},"11":{"start":{"line":11,"column":47},"end":{"line":11,"column":70}},"12":{"start":{"line":15,"column":0},"end":{"line":15,"column":22}}},"fnMap":{"0":{"name":"(anonymous_0)","decl":{"start":{"line":7,"column":2},"end":{"line":7,"column":3}},"loc":{"start":{"line":7,"column":21},"end":{"line":12,"column":3}},"line":7}},"branchMap":{"0":{"loc":{"start":{"line":8,"column":4},"end":{"line":8,"column":68}},"type":"if","locations":[{"start":{"line":8,"column":4},"end":{"line":8,"column":68}},{"start":{},"end":{}}],"line":8},"1":{"loc":{"start":{"line":9,"column":4},"end":{"line":9,"column":72}},"type":"if","locations":[{"start":{"line":9,"column":4},"end":{"line":9,"column":72}},{"start":{},"end":{}}],"line":9},"2":{"loc":{"start":{"line":10,"column":4},"end":{"line":10,"column":80}},"type":"if","locations":[{"start":{"line":10,"column":4},"end":{"line":10,"column":80}},{"start":{},"end":{}}],"line":10},"3":{"loc":{"start":{"line":11,"column":4},"end":{"line":11,"column":70}},"type":"if","locations":[{"start":{"line":11,"column":4},"end":{"line":11,"column":70}},{"start":{},"end":{}}],"line":11}},"s":{"0":3,"1":3,"2":3,"3":3,"4":0,"5":0,"6":0,"7":0,"8":0,"9":0,"10":0,"11":0,"12":3},"f":{"0":0},"b":{"0":[0,0],"1":[0,0],"2":[0,0],"3":[0,0]},"_coverageSchema":"1a1c01bbd47fc00a2c39e90264f33305004495a9","hash":"64a4b004e1d4a7ae8be9ca440148af17b0037e20"}
,"F:\\git projects\\nodejstest\\c\\programming_task_02\\src\\models\\user.js": {"path":"F:\\git projects\\nodejstest\\c\\programming_task_02\\src\\models\\user.js","statementMap":{"0":{"start":{"line":1,"column":33},"end":{"line":1,"column":56}},"1":{"start":{"line":2,"column":13},"end":{"line":2,"column":30}},"2":{"start":{"line":9,"column":4},"end":{"line":9,"column":23}},"3":{"start":{"line":10,"column":4},"end":{"line":10,"column":38}},"4":{"start":{"line":14,"column":16},"end":{"line":15,"column":11}},"5":{"start":{"line":17,"column":4},"end":{"line":19,"column":5}},"6":{"start":{"line":18,"column":6},"end":{"line":18,"column":45}},"7":{"start":{"line":21,"column":4},"end":{"line":21,"column":30}},"8":{"start":{"line":25,"column":0},"end":{"line":25,"column":22}}},"fnMap":{"0":{"name":"(anonymous_0)","decl":{"start":{"line":8,"column":2},"end":{"line":8,"column":3}},"loc":{"start":{"line":8,"column":21},"end":{"line":11,"column":3}},"line":8},"1":{"name":"(anonymous_1)","decl":{"start":{"line":13,"column":2},"end":{"line":13,"column":3}},"loc":{"start":{"line":13,"column":27},"end":{"line":22,"column":3}},"line":13}},"branchMap":{"0":{"loc":{"start":{"line":17,"column":4},"end":{"line":19,"column":5}},"type":"if","locations":[{"start":{"line":17,"column":4},"end":{"line":19,"column":5}},{"start":{},"end":{}}],"line":17}},"s":{"0":3,"1":3,"2":0,"3":0,"4":0,"5":0,"6":0,"7":0,"8":3},"f":{"0":0,"1":0},"b":{"0":[0,0]},"_coverageSchema":"1a1c01bbd47fc00a2c39e90264f33305004495a9","hash":"d688a30551c2243dddc74a9f45f74fac317f9c13"}
}
