TN:
SF:src\authorize.js
FN:4,authorize
FNF:1
FNH:0
FNDA:0,authorize
DA:6,0
DA:8,0
DA:11,0
DA:14,3
LF:4
LH:1
BRF:0
BRH:0
end_of_record
TN:
SF:src\calculate.js
FN:3,calculate
FN:11,getValue
FNF:2
FNH:0
FNDA:0,calculate
FNDA:0,getValue
DA:5,0
DA:7,0
DA:9,0
DA:12,0
DA:13,0
DA:14,0
DA:16,0
DA:17,0
DA:18,0
DA:23,4
LF:10
LH:1
BRDA:13,0,0,0
BRDA:13,0,1,0
BRF:2
BRH:0
end_of_record
TN:
SF:src\common\db.js
FNF:0
FNH:0
DA:1,3
DA:3,3
DA:13,3
DA:18,3
LF:4
LH:4
BRDA:6,0,0,3
BRDA:6,0,1,3
BRF:2
BRH:2
end_of_record
TN:
SF:src\handlers\counter.js
FN:4,(anonymous_0)
FN:6,(anonymous_1)
FNF:2
FNH:0
FNDA:0,(anonymous_0)
FNDA:0,(anonymous_1)
DA:5,0
DA:6,0
DA:16,3
LF:3
LH:1
BRDA:5,0,0,0
BRDA:5,0,1,0
BRF:2
BRH:0
end_of_record
TN:
SF:src\handlers\index.js
FN:5,(anonymous_0)
FNF:1
FNH:0
FNDA:0,(anonymous_0)
DA:1,3
DA:2,3
DA:6,0
DA:7,0
LF:4
LH:2
BRDA:6,0,0,0
BRDA:6,0,1,0
BRDA:7,1,0,0
BRDA:7,1,1,0
BRF:4
BRH:0
end_of_record
TN:
SF:src\handlers\newest.js
FN:2,(anonymous_0)
FN:4,(anonymous_1)
FNF:2
FNH:0
FNDA:0,(anonymous_0)
FNDA:0,(anonymous_1)
DA:4,0
DA:7,0
DA:11,3
LF:3
LH:1
BRF:0
BRH:0
end_of_record
TN:
SF:src\models\action.js
FN:12,(anonymous_0)
FN:19,(anonymous_1)
FN:30,(anonymous_2)
FN:42,(anonymous_3)
FN:57,(anonymous_4)
FNF:5
FNH:0
FNDA:0,(anonymous_0)
FNDA:0,(anonymous_1)
FNDA:0,(anonymous_2)
FNDA:0,(anonymous_3)
FNDA:0,(anonymous_4)
DA:3,3
DA:4,3
DA:13,0
DA:14,0
DA:15,0
DA:16,0
DA:20,0
DA:23,0
DA:24,0
DA:27,0
DA:31,0
DA:35,0
DA:36,0
DA:39,0
DA:43,0
DA:53,0
DA:54,0
DA:57,0
LF:18
LH:2
BRDA:23,0,0,0
BRDA:23,0,1,0
BRDA:35,1,0,0
BRDA:35,1,1,0
BRDA:53,2,0,0
BRDA:53,2,1,0
BRF:6
BRH:0
end_of_record
TN:
SF:src\models\role.js
FN:7,(anonymous_0)
FNF:1
FNH:0
FNDA:0,(anonymous_0)
DA:2,3
DA:3,3
DA:4,3
DA:5,3
DA:8,0
DA:9,0
DA:10,0
DA:11,0
DA:15,3
LF:9
LH:5
BRDA:8,0,0,0
BRDA:8,0,1,0
BRDA:9,1,0,0
BRDA:9,1,1,0
BRDA:10,2,0,0
BRDA:10,2,1,0
BRDA:11,3,0,0
BRDA:11,3,1,0
BRF:8
BRH:0
end_of_record
TN:
SF:src\models\user.js
FN:8,(anonymous_0)
FN:13,(anonymous_1)
FNF:2
FNH:0
FNDA:0,(anonymous_0)
FNDA:0,(anonymous_1)
DA:1,3
DA:2,3
DA:9,0
DA:10,0
DA:14,0
DA:17,0
DA:18,0
DA:21,0
DA:25,3
LF:9
LH:3
BRDA:17,0,0,0
BRDA:17,0,1,0
BRF:2
BRH:0
end_of_record
